2025-06-29 23:18:40,851 - main - INFO - 🚀 Запуск торговой системы...
2025-06-29 23:18:40,851 - main - INFO - 📋 Загружено монет: 30
2025-06-29 23:18:40,856 - coin_ranker - ERROR - Ошибка коррекции статистики для SOL: fromisoformat: argument must be str
2025-06-29 23:18:41,233 - coin_ranker - ERROR - Ошибка коррекции статистики для SOL: fromisoformat: argument must be str
2025-06-29 23:18:41,233 - coin_ranker - INFO - Добавлена новая монета: DOGE
2025-06-29 23:18:41,234 - coin_ranker - INFO - Добавлена новая монета: TRX
2025-06-29 23:18:41,234 - coin_ranker - INFO - Добавлена новая монета: ADA
2025-06-29 23:18:41,234 - coin_ranker - INFO - Добавлена новая монета: ARB
2025-06-29 23:18:41,235 - coin_ranker - INFO - Добавлена новая монета: KAS
2025-06-29 23:18:41,235 - coin_ranker - INFO - Добавлена новая монета: WLD
2025-06-29 23:18:41,235 - coin_ranker - INFO - Добавлена новая монета: HBAR
2025-06-29 23:18:41,235 - coin_ranker - INFO - Добавлена новая монета: OP
2025-06-29 23:18:41,236 - coin_ranker - INFO - Добавлена новая монета: KAIA
2025-06-29 23:18:41,236 - coin_ranker - INFO - Добавлена новая монета: FET
2025-06-29 23:18:41,236 - coin_ranker - INFO - Добавлена новая монета: ZK
2025-06-29 23:18:41,237 - coin_ranker - INFO - Добавлена новая монета: APE
2025-06-29 23:18:41,237 - coin_ranker - INFO - Добавлена новая монета: ZIG
2025-06-29 23:18:41,237 - coin_ranker - INFO - Добавлена новая монета: ALGO
2025-06-29 23:18:41,238 - coin_ranker - INFO - Добавлена новая монета: XLM
2025-06-29 23:18:41,238 - coin_ranker - INFO - Добавлена новая монета: STX
2025-06-29 23:18:41,239 - coin_ranker - INFO - Добавлена новая монета: JASMY
2025-06-29 23:18:41,239 - coin_ranker - INFO - Добавлена новая монета: SAND
2025-06-29 23:18:41,239 - coin_ranker - INFO - Добавлена новая монета: POL
2025-06-29 23:18:41,240 - coin_ranker - INFO - Добавлена новая монета: PYTH
2025-06-29 23:18:41,240 - coin_ranker - INFO - Добавлена новая монета: GRT
2025-06-29 23:18:41,241 - coin_ranker - INFO - Добавлена новая монета: BEAM
2025-06-29 23:18:41,241 - coin_ranker - INFO - Добавлена новая монета: ARKM
2025-06-29 23:18:41,241 - coin_ranker - INFO - Добавлена новая монета: CHZ
2025-06-29 23:18:41,242 - coin_ranker - INFO - Добавлена новая монета: XRP
2025-06-29 23:18:41,242 - coin_ranker - INFO - Добавлена новая монета: SUI
2025-06-29 23:18:41,243 - coin_ranker - INFO - Добавлена новая монета: APT
2025-06-29 23:18:41,243 - coin_ranker - INFO - Добавлена новая монета: NEAR
2025-06-29 23:18:41,244 - coin_ranker - INFO - Добавлена новая монета: AVAX
2025-06-29 23:18:41,249 - coin_ranker - INFO - Добавлена новая монета: DOGE
2025-06-29 23:18:41,249 - coin_ranker - INFO - Добавлена новая монета: TRX
2025-06-29 23:18:41,250 - coin_ranker - INFO - Добавлена новая монета: ADA
2025-06-29 23:18:41,250 - coin_ranker - INFO - Добавлена новая монета: ARB
2025-06-29 23:18:41,250 - coin_ranker - INFO - Добавлена новая монета: KAS
2025-06-29 23:18:41,251 - coin_ranker - INFO - Добавлена новая монета: WLD
2025-06-29 23:18:41,251 - coin_ranker - INFO - Добавлена новая монета: HBAR
2025-06-29 23:18:41,251 - coin_ranker - INFO - Добавлена новая монета: OP
2025-06-29 23:18:41,251 - coin_ranker - INFO - Добавлена новая монета: KAIA
2025-06-29 23:18:41,252 - coin_ranker - INFO - Добавлена новая монета: FET
2025-06-29 23:18:41,252 - coin_ranker - INFO - Добавлена новая монета: ZK
2025-06-29 23:18:41,252 - coin_ranker - INFO - Добавлена новая монета: APE
2025-06-29 23:18:41,252 - coin_ranker - INFO - Добавлена новая монета: ZIG
2025-06-29 23:18:41,253 - coin_ranker - INFO - Добавлена новая монета: ALGO
2025-06-29 23:18:41,253 - coin_ranker - INFO - Добавлена новая монета: XLM
2025-06-29 23:18:41,253 - coin_ranker - INFO - Добавлена новая монета: STX
2025-06-29 23:18:41,254 - coin_ranker - INFO - Добавлена новая монета: JASMY
2025-06-29 23:18:41,254 - coin_ranker - INFO - Добавлена новая монета: SAND
2025-06-29 23:18:41,254 - coin_ranker - INFO - Добавлена новая монета: POL
2025-06-29 23:18:41,255 - coin_ranker - INFO - Добавлена новая монета: PYTH
2025-06-29 23:18:41,255 - coin_ranker - INFO - Добавлена новая монета: GRT
2025-06-29 23:18:41,255 - coin_ranker - INFO - Добавлена новая монета: BEAM
2025-06-29 23:18:41,256 - coin_ranker - INFO - Добавлена новая монета: ARKM
2025-06-29 23:18:41,256 - coin_ranker - INFO - Добавлена новая монета: CHZ
2025-06-29 23:18:41,257 - coin_ranker - INFO - Добавлена новая монета: XRP
2025-06-29 23:18:41,257 - coin_ranker - INFO - Добавлена новая монета: SUI
2025-06-29 23:18:41,257 - coin_ranker - INFO - Добавлена новая монета: APT
2025-06-29 23:18:41,258 - coin_ranker - INFO - Добавлена новая монета: NEAR
2025-06-29 23:18:41,258 - coin_ranker - INFO - Добавлена новая монета: AVAX
2025-06-29 23:18:45,428 - coin_rotator - INFO - ⚙️ Установлена текущая монета: DOGE
2025-06-29 23:18:45,428 - main - INFO - 🏁 Начальная монета: DOGE
2025-06-29 23:18:45,793 - main - INFO - 🤖 Торговый бот запущен
2025-06-29 23:18:45,793 - main - INFO - 🔄 Вход в основной цикл управления
2025-06-29 23:18:51,438 - coin_rotator - INFO - ⏭️ Сохраняем DOGE: новая монета не лучше (текущий: 0.00, новая: 0.00)
2025-06-29 23:20:03,518 - main - INFO - 🛑 Получен сигнал KeyboardInterrupt
2025-06-29 23:20:03,518 - main - INFO - ⏹️ Завершение работы системы...
2025-06-29 23:20:09,312 - main - INFO - ✅ Система остановлена корректно
2025-06-29 23:31:26,402 - main - INFO - 🚀 Запуск торговой системы...
2025-06-29 23:31:26,402 - main - INFO - 📋 Загружено монет: 30
2025-06-29 23:31:26,408 - coin_ranker - ERROR - Ошибка коррекции статистики для SOL: fromisoformat: argument must be str
2025-06-29 23:31:26,408 - coin_ranker - ERROR - Ошибка коррекции статистики для TRX: fromisoformat: argument must be str
2025-06-29 23:31:26,408 - coin_ranker - ERROR - Ошибка коррекции статистики для ADA: fromisoformat: argument must be str
2025-06-29 23:31:26,408 - coin_ranker - ERROR - Ошибка коррекции статистики для ARB: fromisoformat: argument must be str
2025-06-29 23:31:26,408 - coin_ranker - ERROR - Ошибка коррекции статистики для KAS: fromisoformat: argument must be str
2025-06-29 23:31:26,408 - coin_ranker - ERROR - Ошибка коррекции статистики для WLD: fromisoformat: argument must be str
2025-06-29 23:31:26,408 - coin_ranker - ERROR - Ошибка коррекции статистики для HBAR: fromisoformat: argument must be str
2025-06-29 23:31:26,408 - coin_ranker - ERROR - Ошибка коррекции статистики для OP: fromisoformat: argument must be str
2025-06-29 23:31:26,408 - coin_ranker - ERROR - Ошибка коррекции статистики для KAIA: fromisoformat: argument must be str
2025-06-29 23:31:26,408 - coin_ranker - ERROR - Ошибка коррекции статистики для FET: fromisoformat: argument must be str
2025-06-29 23:31:26,408 - coin_ranker - ERROR - Ошибка коррекции статистики для ZK: fromisoformat: argument must be str
2025-06-29 23:31:26,408 - coin_ranker - ERROR - Ошибка коррекции статистики для APE: fromisoformat: argument must be str
2025-06-29 23:31:26,408 - coin_ranker - ERROR - Ошибка коррекции статистики для ZIG: fromisoformat: argument must be str
2025-06-29 23:31:26,408 - coin_ranker - ERROR - Ошибка коррекции статистики для ALGO: fromisoformat: argument must be str
2025-06-29 23:31:26,408 - coin_ranker - ERROR - Ошибка коррекции статистики для XLM: fromisoformat: argument must be str
2025-06-29 23:31:26,408 - coin_ranker - ERROR - Ошибка коррекции статистики для STX: fromisoformat: argument must be str
2025-06-29 23:31:26,408 - coin_ranker - ERROR - Ошибка коррекции статистики для JASMY: fromisoformat: argument must be str
2025-06-29 23:31:26,408 - coin_ranker - ERROR - Ошибка коррекции статистики для SAND: fromisoformat: argument must be str
2025-06-29 23:31:26,408 - coin_ranker - ERROR - Ошибка коррекции статистики для POL: fromisoformat: argument must be str
2025-06-29 23:31:26,408 - coin_ranker - ERROR - Ошибка коррекции статистики для PYTH: fromisoformat: argument must be str
2025-06-29 23:31:26,408 - coin_ranker - ERROR - Ошибка коррекции статистики для GRT: fromisoformat: argument must be str
2025-06-29 23:31:26,408 - coin_ranker - ERROR - Ошибка коррекции статистики для BEAM: fromisoformat: argument must be str
2025-06-29 23:31:26,408 - coin_ranker - ERROR - Ошибка коррекции статистики для ARKM: fromisoformat: argument must be str
2025-06-29 23:31:26,408 - coin_ranker - ERROR - Ошибка коррекции статистики для CHZ: fromisoformat: argument must be str
2025-06-29 23:31:26,408 - coin_ranker - ERROR - Ошибка коррекции статистики для XRP: fromisoformat: argument must be str
2025-06-29 23:31:26,408 - coin_ranker - ERROR - Ошибка коррекции статистики для SUI: fromisoformat: argument must be str
2025-06-29 23:31:26,408 - coin_ranker - ERROR - Ошибка коррекции статистики для APT: fromisoformat: argument must be str
2025-06-29 23:31:26,408 - coin_ranker - ERROR - Ошибка коррекции статистики для NEAR: fromisoformat: argument must be str
2025-06-29 23:31:26,408 - coin_ranker - ERROR - Ошибка коррекции статистики для AVAX: fromisoformat: argument must be str
2025-06-29 23:31:26,777 - coin_ranker - ERROR - Ошибка коррекции статистики для SOL: fromisoformat: argument must be str
2025-06-29 23:31:26,777 - coin_ranker - ERROR - Ошибка коррекции статистики для TRX: fromisoformat: argument must be str
2025-06-29 23:31:26,777 - coin_ranker - ERROR - Ошибка коррекции статистики для ADA: fromisoformat: argument must be str
2025-06-29 23:31:26,777 - coin_ranker - ERROR - Ошибка коррекции статистики для ARB: fromisoformat: argument must be str
2025-06-29 23:31:26,777 - coin_ranker - ERROR - Ошибка коррекции статистики для KAS: fromisoformat: argument must be str
2025-06-29 23:31:26,778 - coin_ranker - ERROR - Ошибка коррекции статистики для WLD: fromisoformat: argument must be str
2025-06-29 23:31:26,778 - coin_ranker - ERROR - Ошибка коррекции статистики для HBAR: fromisoformat: argument must be str
2025-06-29 23:31:26,778 - coin_ranker - ERROR - Ошибка коррекции статистики для OP: fromisoformat: argument must be str
2025-06-29 23:31:26,778 - coin_ranker - ERROR - Ошибка коррекции статистики для KAIA: fromisoformat: argument must be str
2025-06-29 23:31:26,778 - coin_ranker - ERROR - Ошибка коррекции статистики для FET: fromisoformat: argument must be str
2025-06-29 23:31:26,778 - coin_ranker - ERROR - Ошибка коррекции статистики для ZK: fromisoformat: argument must be str
2025-06-29 23:31:26,778 - coin_ranker - ERROR - Ошибка коррекции статистики для APE: fromisoformat: argument must be str
2025-06-29 23:31:26,778 - coin_ranker - ERROR - Ошибка коррекции статистики для ZIG: fromisoformat: argument must be str
2025-06-29 23:31:26,778 - coin_ranker - ERROR - Ошибка коррекции статистики для ALGO: fromisoformat: argument must be str
2025-06-29 23:31:26,778 - coin_ranker - ERROR - Ошибка коррекции статистики для XLM: fromisoformat: argument must be str
2025-06-29 23:31:26,778 - coin_ranker - ERROR - Ошибка коррекции статистики для STX: fromisoformat: argument must be str
2025-06-29 23:31:26,778 - coin_ranker - ERROR - Ошибка коррекции статистики для JASMY: fromisoformat: argument must be str
2025-06-29 23:31:26,778 - coin_ranker - ERROR - Ошибка коррекции статистики для SAND: fromisoformat: argument must be str
2025-06-29 23:31:26,778 - coin_ranker - ERROR - Ошибка коррекции статистики для POL: fromisoformat: argument must be str
2025-06-29 23:31:26,778 - coin_ranker - ERROR - Ошибка коррекции статистики для PYTH: fromisoformat: argument must be str
2025-06-29 23:31:26,778 - coin_ranker - ERROR - Ошибка коррекции статистики для GRT: fromisoformat: argument must be str
2025-06-29 23:31:26,778 - coin_ranker - ERROR - Ошибка коррекции статистики для BEAM: fromisoformat: argument must be str
2025-06-29 23:31:26,778 - coin_ranker - ERROR - Ошибка коррекции статистики для ARKM: fromisoformat: argument must be str
2025-06-29 23:31:26,778 - coin_ranker - ERROR - Ошибка коррекции статистики для CHZ: fromisoformat: argument must be str
2025-06-29 23:31:26,778 - coin_ranker - ERROR - Ошибка коррекции статистики для XRP: fromisoformat: argument must be str
2025-06-29 23:31:26,778 - coin_ranker - ERROR - Ошибка коррекции статистики для SUI: fromisoformat: argument must be str
2025-06-29 23:31:26,778 - coin_ranker - ERROR - Ошибка коррекции статистики для APT: fromisoformat: argument must be str
2025-06-29 23:31:26,778 - coin_ranker - ERROR - Ошибка коррекции статистики для NEAR: fromisoformat: argument must be str
2025-06-29 23:31:26,778 - coin_ranker - ERROR - Ошибка коррекции статистики для AVAX: fromisoformat: argument must be str
2025-06-29 23:31:30,632 - coin_rotator - INFO - ⚙️ Установлена текущая монета: DOGE
2025-06-29 23:31:30,632 - main - INFO - 🏁 Начальная монета: DOGE
2025-06-29 23:31:30,998 - main - INFO - 🤖 Торговый бот запущен
2025-06-29 23:31:30,998 - main - INFO - 🔄 Вход в основной цикл управления
2025-06-29 23:31:35,186 - coin_rotator - INFO - ⏭️ Сохраняем DOGE: новая монета не лучше (текущий: 0.00, новая: 0.00)
2025-06-29 23:37:09,408 - main - INFO - 🛑 Получен сигнал KeyboardInterrupt
2025-06-29 23:37:09,408 - main - INFO - ⏹️ Завершение работы системы...
2025-06-29 23:37:15,441 - main - INFO - ✅ Система остановлена корректно
2025-06-29 23:46:42,180 - main - INFO - 🚀 Запуск торговой системы...
2025-06-29 23:46:42,180 - main - INFO - 📋 Загружено монет: 30
2025-06-29 23:46:42,185 - coin_ranker - WARNING - 🛠️ Исправлено last_selected для SOL
2025-06-29 23:46:42,185 - coin_ranker - WARNING - 🛠️ Исправлено last_selected для TRX
2025-06-29 23:46:42,185 - coin_ranker - WARNING - 🛠️ Исправлено last_selected для ADA
2025-06-29 23:46:42,186 - coin_ranker - WARNING - 🛠️ Исправлено last_selected для ARB
2025-06-29 23:46:42,186 - coin_ranker - WARNING - 🛠️ Исправлено last_selected для KAS
2025-06-29 23:46:42,186 - coin_ranker - WARNING - 🛠️ Исправлено last_selected для WLD
2025-06-29 23:46:42,186 - coin_ranker - WARNING - 🛠️ Исправлено last_selected для HBAR
2025-06-29 23:46:42,186 - coin_ranker - WARNING - 🛠️ Исправлено last_selected для OP
2025-06-29 23:46:42,186 - coin_ranker - WARNING - 🛠️ Исправлено last_selected для KAIA
2025-06-29 23:46:42,186 - coin_ranker - WARNING - 🛠️ Исправлено last_selected для FET
2025-06-29 23:46:42,186 - coin_ranker - WARNING - 🛠️ Исправлено last_selected для ZK
2025-06-29 23:46:42,186 - coin_ranker - WARNING - 🛠️ Исправлено last_selected для APE
2025-06-29 23:46:42,186 - coin_ranker - WARNING - 🛠️ Исправлено last_selected для ZIG
2025-06-29 23:46:42,186 - coin_ranker - WARNING - 🛠️ Исправлено last_selected для ALGO
2025-06-29 23:46:42,186 - coin_ranker - WARNING - 🛠️ Исправлено last_selected для XLM
2025-06-29 23:46:42,186 - coin_ranker - WARNING - 🛠️ Исправлено last_selected для STX
2025-06-29 23:46:42,186 - coin_ranker - WARNING - 🛠️ Исправлено last_selected для JASMY
2025-06-29 23:46:42,186 - coin_ranker - WARNING - 🛠️ Исправлено last_selected для SAND
2025-06-29 23:46:42,186 - coin_ranker - WARNING - 🛠️ Исправлено last_selected для POL
2025-06-29 23:46:42,186 - coin_ranker - WARNING - 🛠️ Исправлено last_selected для PYTH
2025-06-29 23:46:42,186 - coin_ranker - WARNING - 🛠️ Исправлено last_selected для GRT
2025-06-29 23:46:42,186 - coin_ranker - WARNING - 🛠️ Исправлено last_selected для BEAM
2025-06-29 23:46:42,186 - coin_ranker - WARNING - 🛠️ Исправлено last_selected для ARKM
2025-06-29 23:46:42,186 - coin_ranker - WARNING - 🛠️ Исправлено last_selected для CHZ
2025-06-29 23:46:42,186 - coin_ranker - WARNING - 🛠️ Исправлено last_selected для XRP
2025-06-29 23:46:42,187 - coin_ranker - WARNING - 🛠️ Исправлено last_selected для SUI
2025-06-29 23:46:42,187 - coin_ranker - WARNING - 🛠️ Исправлено last_selected для APT
2025-06-29 23:46:42,187 - coin_ranker - WARNING - 🛠️ Исправлено last_selected для NEAR
2025-06-29 23:46:42,187 - coin_ranker - WARNING - 🛠️ Исправлено last_selected для AVAX
2025-06-29 23:46:42,553 - coin_ranker - WARNING - 🛠️ Исправлено last_selected для SOL
2025-06-29 23:46:42,553 - coin_ranker - WARNING - 🛠️ Исправлено last_selected для TRX
2025-06-29 23:46:42,553 - coin_ranker - WARNING - 🛠️ Исправлено last_selected для ADA
2025-06-29 23:46:42,553 - coin_ranker - WARNING - 🛠️ Исправлено last_selected для ARB
2025-06-29 23:46:42,553 - coin_ranker - WARNING - 🛠️ Исправлено last_selected для KAS
2025-06-29 23:46:42,553 - coin_ranker - WARNING - 🛠️ Исправлено last_selected для WLD
2025-06-29 23:46:42,553 - coin_ranker - WARNING - 🛠️ Исправлено last_selected для HBAR
2025-06-29 23:46:42,553 - coin_ranker - WARNING - 🛠️ Исправлено last_selected для OP
2025-06-29 23:46:42,553 - coin_ranker - WARNING - 🛠️ Исправлено last_selected для KAIA
2025-06-29 23:46:42,553 - coin_ranker - WARNING - 🛠️ Исправлено last_selected для FET
2025-06-29 23:46:42,554 - coin_ranker - WARNING - 🛠️ Исправлено last_selected для ZK
2025-06-29 23:46:42,554 - coin_ranker - WARNING - 🛠️ Исправлено last_selected для APE
2025-06-29 23:46:42,554 - coin_ranker - WARNING - 🛠️ Исправлено last_selected для ZIG
2025-06-29 23:46:42,554 - coin_ranker - WARNING - 🛠️ Исправлено last_selected для ALGO
2025-06-29 23:46:42,554 - coin_ranker - WARNING - 🛠️ Исправлено last_selected для XLM
2025-06-29 23:46:42,554 - coin_ranker - WARNING - 🛠️ Исправлено last_selected для STX
2025-06-29 23:46:42,554 - coin_ranker - WARNING - 🛠️ Исправлено last_selected для JASMY
2025-06-29 23:46:42,554 - coin_ranker - WARNING - 🛠️ Исправлено last_selected для SAND
2025-06-29 23:46:42,554 - coin_ranker - WARNING - 🛠️ Исправлено last_selected для POL
2025-06-29 23:46:42,554 - coin_ranker - WARNING - 🛠️ Исправлено last_selected для PYTH
2025-06-29 23:46:42,554 - coin_ranker - WARNING - 🛠️ Исправлено last_selected для GRT
2025-06-29 23:46:42,554 - coin_ranker - WARNING - 🛠️ Исправлено last_selected для BEAM
2025-06-29 23:46:42,554 - coin_ranker - WARNING - 🛠️ Исправлено last_selected для ARKM
2025-06-29 23:46:42,554 - coin_ranker - WARNING - 🛠️ Исправлено last_selected для CHZ
2025-06-29 23:46:42,554 - coin_ranker - WARNING - 🛠️ Исправлено last_selected для XRP
2025-06-29 23:46:42,554 - coin_ranker - WARNING - 🛠️ Исправлено last_selected для SUI
2025-06-29 23:46:42,554 - coin_ranker - WARNING - 🛠️ Исправлено last_selected для APT
2025-06-29 23:46:42,554 - coin_ranker - WARNING - 🛠️ Исправлено last_selected для NEAR
2025-06-29 23:46:42,554 - coin_ranker - WARNING - 🛠️ Исправлено last_selected для AVAX
2025-06-29 23:46:45,949 - coin_rotator - INFO - ⚙️ Установлена текущая монета: DOGE
2025-06-29 23:46:45,949 - main - INFO - 🏁 Начальная монета: DOGE
2025-06-29 23:46:46,316 - main - INFO - 🤖 Торговый бот запущен
2025-06-29 23:46:46,316 - main - INFO - 🔄 Вход в основной цикл управления
2025-06-29 23:46:50,029 - coin_rotator - INFO - ⏭️ Сохраняем DOGE: новая монета не лучше (текущий: 0.00, новая: 0.00)
2025-06-29 23:53:07,744 - main - INFO - 🛑 Получен сигнал KeyboardInterrupt
2025-06-29 23:53:07,744 - main - INFO - ⏹️ Завершение работы системы...
2025-06-29 23:53:13,549 - main - INFO - ✅ Система остановлена корректно
2025-06-30 00:07:45,649 - main - INFO - 🚀 Запуск торговой системы...
2025-06-30 00:07:45,649 - main - INFO - 📋 Загружено монет: 30
2025-06-30 00:07:49,686 - coin_rotator - INFO - ⚙️ Установлена текущая монета: DOGE
2025-06-30 00:07:49,686 - main - INFO - 🏁 Начальная монета: DOGE
2025-06-30 00:07:50,144 - main - INFO - 🤖 Торговый бот запущен
2025-06-30 00:07:50,144 - main - INFO - 🔄 Вход в основной цикл управления
2025-06-30 00:07:54,342 - coin_rotator - INFO - ⏭️ Сохраняем DOGE: новая монета не лучше (текущий: 0.00, новая: 0.00)
2025-06-30 00:08:01,523 - main - INFO - 🛑 Получен сигнал KeyboardInterrupt
2025-06-30 00:08:01,524 - main - INFO - ⏹️ Завершение работы системы...
2025-06-30 00:08:07,429 - main - INFO - ✅ Система остановлена корректно
2025-06-30 00:28:29,071 - main - INFO - 🚀 Запуск торговой системы...
2025-06-30 00:28:29,072 - main - INFO - 📋 Загружено монет: 30
2025-06-30 00:28:34,784 - coin_rotator - INFO - ⚙️ Установлена текущая монета: DOGE
2025-06-30 00:28:34,784 - main - INFO - 🏁 Начальная монета: DOGE
2025-06-30 00:28:35,668 - main - INFO - 🤖 Торговый бот запущен
2025-06-30 00:28:35,668 - main - INFO - 🔄 Вход в основной цикл управления
2025-06-30 00:28:35,668 - main - ERROR - ⚠️ Ошибка при ротации монет: 'CoinRotator' object has no attribute 'trading_system'
2025-06-30 00:29:35,668 - main - ERROR - ⚠️ Ошибка при ротации монет: 'CoinRotator' object has no attribute 'trading_system'
2025-06-30 00:30:35,669 - main - ERROR - ⚠️ Ошибка при ротации монет: 'CoinRotator' object has no attribute 'trading_system'
2025-06-30 00:31:35,669 - main - ERROR - ⚠️ Ошибка при ротации монет: 'CoinRotator' object has no attribute 'trading_system'
2025-06-30 00:32:35,669 - main - ERROR - ⚠️ Ошибка при ротации монет: 'CoinRotator' object has no attribute 'trading_system'
2025-06-30 00:33:35,670 - main - ERROR - ⚠️ Ошибка при ротации монет: 'CoinRotator' object has no attribute 'trading_system'
2025-06-30 00:33:46,399 - main - INFO - 🛑 Получен сигнал KeyboardInterrupt
2025-06-30 00:33:46,399 - main - INFO - ⏹️ Завершение работы системы...
2025-06-30 00:33:52,382 - main - INFO - ✅ Система остановлена корректно
2025-06-30 00:34:52,109 - main - INFO - 🚀 Запуск торговой системы...
2025-06-30 00:34:52,130 - main - INFO - 📋 Загружено монет: 30
2025-06-30 00:35:04,200 - coin_rotator - INFO - ⚙️ Установлена текущая монета: DOGE
2025-06-30 00:35:04,201 - main - INFO - 🏁 Начальная монета: DOGE
2025-06-30 00:35:05,069 - main - INFO - 🤖 Торговый бот запущен
2025-06-30 00:35:05,070 - main - INFO - 🔄 Вход в основной цикл управления
2025-06-30 00:35:05,070 - main - ERROR - ⚠️ Ошибка при ротации монет: 'CoinRotator' object has no attribute 'trading_system'
2025-06-30 00:35:31,882 - main - INFO - 🛑 Получен сигнал KeyboardInterrupt
2025-06-30 00:35:31,882 - main - INFO - ⏹️ Завершение работы системы...
2025-06-30 00:35:37,845 - main - INFO - ✅ Система остановлена корректно
2025-06-30 02:37:11,363 - main - INFO - 🚀 Запуск торговой системы...
2025-06-30 02:37:11,469 - main - INFO - 📋 Загружено монет: 30
2025-06-30 02:42:32,453 - main - INFO - 🚀 Запуск торговой системы...
2025-06-30 02:42:32,462 - main - INFO - 📋 Загружено монет: 30
2025-06-30 02:42:32,792 - coin_rotator - INFO - ⚙️ Инициализирован ротатор для ['DOGE', 'TRX', 'ADA', 'ARB', 'KAS', 'WLD', 'HBAR', 'OP', 'KAIA', 'FET', 'ZK', 'APE', 'ZIG', 'ALGO', 'XLM', 'STX', 'JASMY', 'SAND', 'POL', 'PYTH', 'GRT', 'BEAM', 'ARKM', 'CHZ', 'SOL', 'XRP', 'SUI', 'APT', 'NEAR', 'AVAX']
2025-06-30 02:42:36,696 - coin_rotator - INFO - ⚙️ Установлена текущая монета: SOL
2025-06-30 02:42:36,696 - main - INFO - ⏪ Возвращаемся к открытой позиции: SOL
2025-06-30 02:42:37,593 - coin_rotator - INFO - ⚙️ Установлена текущая монета: SOL
2025-06-30 02:42:37,593 - main - INFO - 🏁 Начальная монета: SOL
2025-06-30 02:42:37,944 - main - INFO - 🤖 Торговый бот запущен
2025-06-30 02:42:37,944 - main - INFO - 🔄 Вход в основной цикл управления
2025-06-30 02:42:41,877 - coin_rotator - INFO - ⏭️ Сохраняем SOL: новая монета не лучше (текущий: 0.00, новая: 0.00)
2025-06-30 02:45:45,317 - main - INFO - 🛑 Получен сигнал KeyboardInterrupt
2025-06-30 02:45:45,332 - main - INFO - ⏹️ Завершение работы системы...
2025-06-30 02:45:50,980 - main - INFO - ✅ Система остановлена корректно
2025-06-30 02:49:02,603 - main - INFO - 🚀 Запуск торговой системы...
2025-06-30 02:49:02,603 - main - INFO - 📋 Загружено монет: 30
2025-06-30 02:49:02,954 - coin_rotator - INFO - ⚙️ Инициализирован ротатор для ['DOGE', 'TRX', 'ADA', 'ARB', 'KAS', 'WLD', 'HBAR', 'OP', 'KAIA', 'FET', 'ZK', 'APE', 'ZIG', 'ALGO', 'XLM', 'STX', 'JASMY', 'SAND', 'POL', 'PYTH', 'GRT', 'BEAM', 'ARKM', 'CHZ', 'SOL', 'XRP', 'SUI', 'APT', 'NEAR', 'AVAX']
2025-06-30 02:49:07,369 - coin_rotator - INFO - ⚙️ Установлена текущая монета: SOL
2025-06-30 02:49:07,369 - main - INFO - ⏪ Возвращаемся к открытой позиции: SOL
2025-06-30 02:49:08,244 - coin_rotator - INFO - ⚙️ Установлена текущая монета: SOL
2025-06-30 02:49:08,244 - main - INFO - 🏁 Начальная монета: SOL
2025-06-30 02:49:08,579 - main - INFO - 🤖 Торговый бот запущен
2025-06-30 02:49:08,579 - main - INFO - 🔄 Вход в основной цикл управления
2025-06-30 02:49:13,414 - coin_rotator - INFO - ⏭️ Сохраняем SOL: новая монета не лучше (текущий: 0.00, новая: 0.00)
2025-06-30 02:49:17,259 - main - INFO - 🛑 Получен сигнал KeyboardInterrupt
2025-06-30 02:49:17,259 - main - INFO - ⏹️ Завершение работы системы...
2025-06-30 02:53:58,927 - main - INFO - 🚀 Запуск торговой системы...
2025-06-30 02:53:58,927 - main - INFO - 📋 Загружено монет: 30
2025-06-30 02:53:59,270 - coin_rotator - INFO - ⚙️ Инициализирован ротатор для ['DOGE', 'TRX', 'ADA', 'ARB', 'KAS', 'WLD', 'HBAR', 'OP', 'KAIA', 'FET', 'ZK', 'APE', 'ZIG', 'ALGO', 'XLM', 'STX', 'JASMY', 'SAND', 'POL', 'PYTH', 'GRT', 'BEAM', 'ARKM', 'CHZ', 'SOL', 'XRP', 'SUI', 'APT', 'NEAR', 'AVAX']
2025-06-30 02:54:03,246 - coin_rotator - INFO - ⚙️ Установлена текущая монета: SOL
2025-06-30 02:54:03,246 - main - INFO - ⏪ Возвращаемся к открытой позиции: SOL
2025-06-30 02:54:04,146 - coin_rotator - INFO - ⚙️ Установлена текущая монета: SOL
2025-06-30 02:54:04,146 - main - INFO - 🏁 Начальная монета: SOL
2025-06-30 02:54:04,480 - main - INFO - 🤖 Торговый бот запущен
2025-06-30 02:54:04,480 - main - INFO - 🔄 Вход в основной цикл управления
2025-06-30 02:54:08,916 - coin_rotator - INFO - ⏭️ Сохраняем SOL: новая монета не лучше (текущий: 0.00, новая: 0.00)
2025-06-30 02:54:09,577 - main - INFO - 🛑 Получен сигнал KeyboardInterrupt
2025-06-30 02:54:09,577 - main - INFO - ⏹️ Завершение работы системы...
2025-06-30 02:57:33,514 - main - INFO - 🚀 Запуск торговой системы...
2025-06-30 02:57:33,514 - main - INFO - 📋 Загружено монет: 30
2025-06-30 02:57:33,867 - coin_rotator - INFO - ⚙️ Инициализирован ротатор для ['DOGE', 'TRX', 'ADA', 'ARB', 'KAS', 'WLD', 'HBAR', 'OP', 'KAIA', 'FET', 'ZK', 'APE', 'ZIG', 'ALGO', 'XLM', 'STX', 'JASMY', 'SAND', 'POL', 'PYTH', 'GRT', 'BEAM', 'ARKM', 'CHZ', 'SOL', 'XRP', 'SUI', 'APT', 'NEAR', 'AVAX']
2025-06-30 02:57:37,697 - coin_rotator - INFO - ⚙️ Установлена текущая монета: SOL
2025-06-30 02:57:37,697 - main - INFO - ⏪ Возвращаемся к открытой позиции: SOL
2025-06-30 02:57:38,585 - coin_rotator - INFO - ⚙️ Установлена текущая монета: SOL
2025-06-30 02:57:38,585 - main - INFO - 🏁 Начальная монета: SOL
2025-06-30 02:57:38,926 - main - INFO - 🤖 Торговый бот запущен
2025-06-30 02:57:38,926 - main - INFO - 🔄 Вход в основной цикл управления
2025-06-30 02:57:42,890 - coin_rotator - INFO - ⏭️ Сохраняем SOL: новая монета не лучше (текущий: 0.00, новая: 0.00)
2025-06-30 02:57:44,854 - main - INFO - 🛑 Получен сигнал KeyboardInterrupt
2025-06-30 02:57:44,854 - main - INFO - ⏹️ Завершение работы системы...
2025-06-30 02:57:50,518 - main - INFO - ✅ Система остановлена корректно
2025-06-30 03:02:30,547 - main - INFO - 🚀 Запуск торговой системы...
2025-06-30 03:02:30,547 - main - INFO - 📋 Загружено монет: 30
2025-06-30 03:02:30,900 - coin_rotator - INFO - ⚙️ Инициализирован ротатор для ['DOGE', 'TRX', 'ADA', 'ARB', 'KAS', 'WLD', 'HBAR', 'OP', 'KAIA', 'FET', 'ZK', 'APE', 'ZIG', 'ALGO', 'XLM', 'STX', 'JASMY', 'SAND', 'POL', 'PYTH', 'GRT', 'BEAM', 'ARKM', 'CHZ', 'SOL', 'XRP', 'SUI', 'APT', 'NEAR', 'AVAX']
2025-06-30 03:02:34,382 - coin_rotator - INFO - ⚙️ Установлена текущая монета: SOL
2025-06-30 03:02:34,382 - main - INFO - ⏪ Возвращаемся к открытой позиции: SOL
2025-06-30 03:02:35,055 - coin_rotator - INFO - ⚙️ Установлена текущая монета: SOL
2025-06-30 03:02:35,055 - main - INFO - 🏁 Начальная монета: SOL
2025-06-30 03:02:35,379 - main - INFO - 🤖 Торговый бот запущен
2025-06-30 03:02:35,379 - main - INFO - 🔄 Вход в основной цикл управления
2025-06-30 03:02:39,317 - coin_rotator - INFO - ⏭️ Сохраняем SOL: новая монета не лучше (текущий: 0.00, новая: 0.00)
2025-06-30 03:10:47,064 - urllib3.connectionpool - WARNING - Retrying (Retry(total=2, connect=None, read=None, redirect=None, status=None)) after connection broken by 'ReadTimeoutError("HTTPSConnectionPool(host='api.bybit.com', port=443): Read timed out. (read timeout=45)")': /v5/market/kline?category=spot&symbol=SOLUSDT&interval=5&limit=100&simple=true
2025-06-30 03:11:00,973 - main - INFO - 🛑 Получен сигнал KeyboardInterrupt
2025-06-30 03:11:00,974 - main - INFO - ⏹️ Завершение работы системы...
2025-06-30 03:11:06,882 - main - INFO - ✅ Система остановлена корректно
2025-06-30 03:11:26,910 - main - INFO - 🚀 Запуск торговой системы...
2025-06-30 03:11:26,910 - main - INFO - 📋 Загружено монет: 30
2025-06-30 03:11:27,255 - coin_rotator - INFO - ⚙️ Инициализирован ротатор для ['DOGE', 'TRX', 'ADA', 'ARB', 'KAS', 'WLD', 'HBAR', 'OP', 'KAIA', 'FET', 'ZK', 'APE', 'ZIG', 'ALGO', 'XLM', 'STX', 'JASMY', 'SAND', 'POL', 'PYTH', 'GRT', 'BEAM', 'ARKM', 'CHZ', 'SOL', 'XRP', 'SUI', 'APT', 'NEAR', 'AVAX']
2025-06-30 03:11:30,815 - coin_rotator - INFO - ⚙️ Установлена текущая монета: SOL
2025-06-30 03:11:30,815 - main - INFO - ⏪ Возвращаемся к открытой позиции: SOL
2025-06-30 03:11:31,027 - coin_rotator - INFO - ⚙️ Установлена текущая монета: SOL
2025-06-30 03:11:31,027 - main - INFO - 🏁 Начальная монета: SOL
2025-06-30 03:11:31,348 - main - INFO - 🤖 Торговый бот запущен
2025-06-30 03:11:31,348 - main - INFO - 🔄 Вход в основной цикл управления
2025-06-30 03:11:35,320 - coin_rotator - INFO - ⏭️ Сохраняем SOL: новая монета не лучше (текущий: 0.00, новая: 0.00)
2025-06-30 03:20:47,153 - urllib3.connectionpool - WARNING - Retrying (Retry(total=2, connect=None, read=None, redirect=None, status=None)) after connection broken by 'ReadTimeoutError("HTTPSConnectionPool(host='api.bybit.com', port=443): Read timed out. (read timeout=45)")': /v5/market/kline?category=spot&symbol=SOLUSDT&interval=5&limit=100&simple=true
2025-06-30 03:30:46,617 - urllib3.connectionpool - WARNING - Retrying (Retry(total=2, connect=None, read=None, redirect=None, status=None)) after connection broken by 'ReadTimeoutError("HTTPSConnectionPool(host='api.bybit.com', port=443): Read timed out. (read timeout=45)")': /v5/market/kline?category=spot&symbol=SOLUSDT&interval=5&limit=100&simple=true
2025-06-30 03:40:46,654 - urllib3.connectionpool - WARNING - Retrying (Retry(total=2, connect=None, read=None, redirect=None, status=None)) after connection broken by 'ReadTimeoutError("HTTPSConnectionPool(host='api.bybit.com', port=443): Read timed out. (read timeout=45)")': /v5/market/kline?category=spot&symbol=SOLUSDT&interval=5&limit=100&simple=true
2025-06-30 03:48:07,449 - main - INFO - 🛑 Получен сигнал KeyboardInterrupt
2025-06-30 03:48:07,450 - main - INFO - ⏹️ Завершение работы системы...
2025-06-30 03:48:13,244 - main - INFO - ✅ Система остановлена корректно
2025-06-30 04:03:31,571 - main - INFO - 🚀 Запуск торговой системы...
2025-06-30 04:03:31,611 - main - INFO - 📋 Загружено монет: 30
2025-06-30 04:03:32,039 - coin_rotator - INFO - ⚙️ Инициализирован ротатор для ['DOGE', 'TRX', 'ADA', 'ARB', 'KAS', 'WLD', 'HBAR', 'OP', 'KAIA', 'FET', 'ZK', 'APE', 'ZIG', 'ALGO', 'XLM', 'STX', 'JASMY', 'SAND', 'POL', 'PYTH', 'GRT', 'BEAM', 'ARKM', 'CHZ', 'SOL', 'XRP', 'SUI', 'APT', 'NEAR', 'AVAX']
2025-06-30 04:03:36,709 - coin_rotator - INFO - ⚙️ Установлена текущая монета: SOL
2025-06-30 04:03:36,709 - main - INFO - ⏪ Возвращаемся к открытой позиции: SOL
2025-06-30 04:03:36,960 - coin_rotator - INFO - ⚙️ Установлена текущая монета: SOL
2025-06-30 04:03:36,960 - main - INFO - 🏁 Начальная монета: SOL
2025-06-30 04:03:37,465 - main - INFO - 🤖 Торговый бот запущен
2025-06-30 04:03:37,465 - main - INFO - 🔄 Вход в основной цикл управления
2025-06-30 04:03:41,851 - coin_rotator - INFO - ⏭️ Сохраняем SOL: новая монета не лучше (текущий: 0.00, новая: 0.00)
2025-06-30 04:10:46,856 - urllib3.connectionpool - WARNING - Retrying (Retry(total=2, connect=None, read=None, redirect=None, status=None)) after connection broken by 'ReadTimeoutError("HTTPSConnectionPool(host='api.bybit.com', port=443): Read timed out. (read timeout=45)")': /v5/market/kline?category=spot&symbol=SOLUSDT&interval=5&limit=100&simple=true
2025-06-30 04:12:52,950 - main - INFO - 🛑 Получен сигнал KeyboardInterrupt
2025-06-30 04:12:52,951 - main - INFO - ⏹️ Завершение работы системы...
2025-06-30 04:12:59,080 - main - INFO - ✅ Система остановлена корректно
2025-06-30 04:13:51,615 - main - INFO - 🚀 Запуск торговой системы...
2025-06-30 04:13:51,647 - main - INFO - 📋 Загружено монет: 30
2025-06-30 04:13:52,069 - coin_rotator - INFO - ⚙️ Инициализирован ротатор для ['DOGE', 'TRX', 'ADA', 'ARB', 'KAS', 'WLD', 'HBAR', 'OP', 'KAIA', 'FET', 'ZK', 'APE', 'ZIG', 'ALGO', 'XLM', 'STX', 'JASMY', 'SAND', 'POL', 'PYTH', 'GRT', 'BEAM', 'ARKM', 'CHZ', 'SOL', 'XRP', 'SUI', 'APT', 'NEAR', 'AVAX']
2025-06-30 04:13:56,206 - coin_rotator - INFO - ⚙️ Установлена текущая монета: SOL
2025-06-30 04:13:56,206 - main - INFO - ⏪ Возвращаемся к открытой позиции: SOL
2025-06-30 04:13:56,751 - coin_rotator - INFO - ⚙️ Установлена текущая монета: SOL
2025-06-30 04:13:56,751 - main - INFO - 🏁 Начальная монета: SOL
2025-06-30 04:13:57,169 - main - INFO - 🤖 Торговый бот запущен
2025-06-30 04:13:57,169 - main - INFO - 🔄 Вход в основной цикл управления
2025-06-30 04:14:00,915 - coin_rotator - INFO - ⏭️ Сохраняем SOL: новая монета не лучше (текущий: 0.00, новая: 0.00)
2025-06-30 04:18:36,933 - main - INFO - 🛑 Получен сигнал KeyboardInterrupt
2025-06-30 04:18:36,933 - main - INFO - ⏹️ Завершение работы системы...
2025-06-30 04:18:42,894 - main - INFO - ✅ Система остановлена корректно
2025-06-30 04:19:03,452 - main - INFO - 🚀 Запуск торговой системы...
2025-06-30 04:19:03,452 - main - INFO - 📋 Загружено монет: 30
2025-06-30 04:19:03,989 - coin_rotator - INFO - ⚙️ Инициализирован ротатор для ['DOGE', 'TRX', 'ADA', 'ARB', 'KAS', 'WLD', 'HBAR', 'OP', 'KAIA', 'FET', 'ZK', 'APE', 'ZIG', 'ALGO', 'XLM', 'STX', 'JASMY', 'SAND', 'POL', 'PYTH', 'GRT', 'BEAM', 'ARKM', 'CHZ', 'SOL', 'XRP', 'SUI', 'APT', 'NEAR', 'AVAX']
2025-06-30 04:19:08,509 - coin_rotator - INFO - ⚙️ Установлена текущая монета: SOL
2025-06-30 04:19:08,509 - main - INFO - ⏪ Возвращаемся к открытой позиции: SOL
2025-06-30 04:19:09,089 - coin_rotator - INFO - ⚙️ Установлена текущая монета: SOL
2025-06-30 04:19:09,089 - main - INFO - 🏁 Начальная монета: SOL
2025-06-30 04:19:09,567 - main - INFO - 🤖 Торговый бот запущен
2025-06-30 04:19:09,567 - main - INFO - 🔄 Вход в основной цикл управления
2025-06-30 04:19:13,987 - coin_rotator - INFO - ⏭️ Сохраняем SOL: новая монета не лучше (текущий: 0.00, новая: 0.00)
2025-06-30 04:25:27,565 - main - INFO - 🛑 Получен сигнал KeyboardInterrupt
2025-06-30 04:25:27,565 - main - INFO - ⏹️ Завершение работы системы...
2025-06-30 04:25:33,613 - main - INFO - ✅ Система остановлена корректно
2025-06-30 04:36:59,228 - main - INFO - 🚀 Запуск торговой системы...
2025-06-30 04:36:59,228 - main - INFO - 📋 Загружено монет: 30
2025-06-30 04:36:59,821 - coin_rotator - INFO - ⚙️ Инициализирован ротатор для ['DOGE', 'TRX', 'ADA', 'ARB', 'KAS', 'WLD', 'HBAR', 'OP', 'KAIA', 'FET', 'ZK', 'APE', 'ZIG', 'ALGO', 'XLM', 'STX', 'JASMY', 'SAND', 'POL', 'PYTH', 'GRT', 'BEAM', 'ARKM', 'CHZ', 'SOL', 'XRP', 'SUI', 'APT', 'NEAR', 'AVAX']
2025-06-30 04:37:04,373 - coin_rotator - INFO - ⚙️ Установлена текущая монета: SOL
2025-06-30 04:37:04,373 - main - INFO - ⏪ Возвращаемся к открытой позиции: SOL
2025-06-30 04:37:05,077 - coin_rotator - INFO - ⚙️ Установлена текущая монета: SOL
2025-06-30 04:37:05,077 - main - INFO - 🏁 Начальная монета: SOL
2025-06-30 04:37:05,534 - main - INFO - 🤖 Торговый бот запущен
2025-06-30 04:37:05,534 - main - INFO - 🔄 Вход в основной цикл управления
2025-06-30 04:37:10,027 - coin_rotator - INFO - ⏭️ Сохраняем SOL: новая монета не лучше (текущий: 0.00, новая: 0.00)
2025-06-30 04:45:47,015 - urllib3.connectionpool - WARNING - Retrying (Retry(total=2, connect=None, read=None, redirect=None, status=None)) after connection broken by 'ReadTimeoutError("HTTPSConnectionPool(host='api.bybit.com', port=443): Read timed out. (read timeout=45)")': /v5/market/kline?category=spot&symbol=SOLUSDT&interval=5&limit=100&simple=true
2025-06-30 04:52:02,595 - main - INFO - 🛑 Получен сигнал KeyboardInterrupt
2025-06-30 04:52:02,595 - main - INFO - ⏹️ Завершение работы системы...
2025-06-30 04:52:07,386 - main - INFO - ✅ Система остановлена корректно
2025-06-30 04:52:29,021 - main - INFO - 🚀 Запуск торговой системы...
2025-06-30 04:52:29,022 - main - INFO - 📋 Загружено монет: 30
2025-06-30 04:52:29,575 - coin_rotator - INFO - ⚙️ Инициализирован ротатор для ['DOGE', 'TRX', 'ADA', 'ARB', 'KAS', 'WLD', 'HBAR', 'OP', 'KAIA', 'FET', 'ZK', 'APE', 'ZIG', 'ALGO', 'XLM', 'STX', 'JASMY', 'SAND', 'POL', 'PYTH', 'GRT', 'BEAM', 'ARKM', 'CHZ', 'SOL', 'XRP', 'SUI', 'APT', 'NEAR', 'AVAX']
2025-06-30 04:52:34,046 - coin_rotator - INFO - ⚙️ Установлена текущая монета: SOL
2025-06-30 04:52:34,046 - main - INFO - ⏪ Возвращаемся к открытой позиции: SOL
2025-06-30 04:52:34,611 - coin_rotator - INFO - ⚙️ Установлена текущая монета: SOL
2025-06-30 04:52:34,611 - main - INFO - 🏁 Начальная монета: SOL
2025-06-30 04:52:35,055 - main - INFO - 🤖 Торговый бот запущен
2025-06-30 04:52:35,055 - main - INFO - 🔄 Вход в основной цикл управления
2025-06-30 04:52:38,850 - coin_rotator - INFO - ⏭️ Сохраняем SOL: новая монета не лучше (текущий: 0.00, новая: 0.00)
2025-06-30 05:00:48,270 - urllib3.connectionpool - WARNING - Retrying (Retry(total=2, connect=None, read=None, redirect=None, status=None)) after connection broken by 'ReadTimeoutError("HTTPSConnectionPool(host='api.bybit.com', port=443): Read timed out. (read timeout=45)")': /v5/market/kline?category=spot&symbol=SOLUSDT&interval=5&limit=100&simple=true
2025-06-30 05:08:48,603 - main - INFO - 🛑 Получен сигнал KeyboardInterrupt
2025-06-30 05:08:48,631 - main - INFO - ⏹️ Завершение работы системы...
2025-06-30 05:13:45,495 - main - INFO - 🚀 Запуск торговой системы...
2025-06-30 05:13:45,542 - main - INFO - 📋 Загружено монет: 30
2025-06-30 05:13:45,942 - coin_rotator - INFO - ⚙️ Инициализирован ротатор для ['DOGE', 'TRX', 'ADA', 'ARB', 'KAS', 'WLD', 'HBAR', 'OP', 'KAIA', 'FET', 'ZK', 'APE', 'ZIG', 'ALGO', 'XLM', 'STX', 'JASMY', 'SAND', 'POL', 'PYTH', 'GRT', 'BEAM', 'ARKM', 'CHZ', 'SOL', 'XRP', 'SUI', 'APT', 'NEAR', 'AVAX']
2025-06-30 05:13:50,241 - coin_rotator - INFO - ⚙️ Установлена текущая монета: SOL
2025-06-30 05:13:50,242 - main - INFO - ⏪ Возвращаемся к открытой позиции: SOL
2025-06-30 05:13:50,813 - coin_rotator - INFO - ⚙️ Установлена текущая монета: SOL
2025-06-30 05:13:50,814 - main - INFO - 🏁 Начальная монета: SOL
2025-06-30 05:13:51,171 - main - INFO - 🤖 Торговый бот запущен
2025-06-30 05:13:51,171 - main - INFO - 🔄 Вход в основной цикл управления
2025-06-30 05:13:55,413 - coin_rotator - INFO - ⏭️ Сохраняем SOL: новая монета не лучше (текущий: 0.00, новая: 0.00)
2025-06-30 05:21:55,595 - main - INFO - 🛑 Получен сигнал KeyboardInterrupt
2025-06-30 05:21:55,604 - main - INFO - ⏹️ Завершение работы системы...
2025-06-30 05:53:09,252 - main - INFO - 🚀 Запуск торговой системы...
2025-06-30 05:53:09,312 - main - INFO - 📋 Загружено монет: 30
2025-06-30 05:53:09,719 - coin_rotator - INFO - ⚙️ Инициализирован ротатор для ['DOGE', 'TRX', 'ADA', 'ARB', 'KAS', 'WLD', 'HBAR', 'OP', 'KAIA', 'FET', 'ZK', 'APE', 'ZIG', 'ALGO', 'XLM', 'STX', 'JASMY', 'SAND', 'POL', 'PYTH', 'GRT', 'BEAM', 'ARKM', 'CHZ', 'SOL', 'XRP', 'SUI', 'APT', 'NEAR', 'AVAX']
2025-06-30 05:53:13,807 - coin_rotator - INFO - ⚙️ Установлена текущая монета: SOL
2025-06-30 05:53:13,807 - main - INFO - ⏪ Возвращаемся к открытой позиции: SOL
2025-06-30 05:53:14,385 - coin_rotator - INFO - ⚙️ Установлена текущая монета: SOL
2025-06-30 05:53:14,385 - main - INFO - 🏁 Начальная монета: SOL
2025-06-30 05:53:14,847 - main - INFO - 🤖 Торговый бот запущен
2025-06-30 05:53:14,847 - main - INFO - 🔄 Вход в основной цикл управления
2025-06-30 05:53:18,940 - coin_rotator - INFO - ⏭️ Сохраняем SOL: новая монета не лучше (текущий: 0.00, новая: 0.00)
2025-06-30 05:59:12,388 - main - INFO - 🛑 Получен сигнал KeyboardInterrupt
2025-06-30 05:59:12,429 - main - INFO - ⏹️ Завершение работы системы...
2025-06-30 06:11:09,528 - main - INFO - 🚀 Запуск торговой системы...
2025-06-30 06:11:09,537 - main - INFO - 📋 Загружено монет: 30
2025-06-30 06:11:09,952 - coin_rotator - INFO - ⚙️ Инициализирован ротатор для ['DOGE', 'TRX', 'ADA', 'ARB', 'KAS', 'WLD', 'HBAR', 'OP', 'KAIA', 'FET', 'ZK', 'APE', 'ZIG', 'ALGO', 'XLM', 'STX', 'JASMY', 'SAND', 'POL', 'PYTH', 'GRT', 'BEAM', 'ARKM', 'CHZ', 'SOL', 'XRP', 'SUI', 'APT', 'NEAR', 'AVAX']
2025-06-30 06:11:14,391 - coin_rotator - INFO - ⚙️ Установлена текущая монета: SOL
2025-06-30 06:11:14,391 - main - INFO - ⏪ Возвращаемся к открытой позиции: SOL
2025-06-30 06:11:14,635 - coin_rotator - INFO - ⚙️ Установлена текущая монета: SOL
2025-06-30 06:11:14,635 - main - INFO - 🏁 Начальная монета: SOL
2025-06-30 06:11:14,993 - main - INFO - 🤖 Торговый бот запущен
2025-06-30 06:11:14,993 - main - INFO - 🔄 Вход в основной цикл управления
2025-06-30 06:11:19,027 - coin_rotator - INFO - ⏭️ Сохраняем SOL: новая монета не лучше (текущий: 0.00, новая: 0.00)
2025-06-30 06:30:17,552 - main - INFO - 🛑 Получен сигнал KeyboardInterrupt
2025-06-30 06:30:17,758 - main - INFO - ⏹️ Завершение работы системы...
2025-06-30 06:56:44,896 - main - INFO - 🚀 Запуск торговой системы...
2025-06-30 06:56:44,920 - main - INFO - 📋 Загружено монет: 30
2025-06-30 06:56:45,271 - coin_rotator - INFO - ⚙️ Инициализирован ротатор для ['DOGE', 'TRX', 'ADA', 'ARB', 'KAS', 'WLD', 'HBAR', 'OP', 'KAIA', 'FET', 'ZK', 'APE', 'ZIG', 'ALGO', 'XLM', 'STX', 'JASMY', 'SAND', 'POL', 'PYTH', 'GRT', 'BEAM', 'ARKM', 'CHZ', 'SOL', 'XRP', 'SUI', 'APT', 'NEAR', 'AVAX']
2025-06-30 06:56:49,166 - coin_rotator - INFO - ⚙️ Установлена текущая монета: SOL
2025-06-30 06:56:49,166 - main - INFO - ⏪ Возвращаемся к открытой позиции: SOL
2025-06-30 06:56:49,406 - coin_rotator - INFO - ⚙️ Установлена текущая монета: SOL
2025-06-30 06:56:49,406 - main - INFO - 🏁 Начальная монета: SOL
2025-06-30 06:56:49,796 - main - INFO - 🤖 Торговый бот запущен
2025-06-30 06:56:49,796 - main - INFO - 🔄 Вход в основной цикл управления
2025-06-30 06:57:06,363 - coin_rotator - INFO - ⏭️ Сохраняем SOL: новая монета не лучше (текущий: 0.00, новая: 0.00)
2025-06-30 07:00:31,763 - main - INFO - 🛑 Получен сигнал KeyboardInterrupt
2025-06-30 07:00:31,829 - main - INFO - ⏹️ Завершение работы системы...
2025-06-30 07:17:18,991 - main - INFO - 🚀 Запуск торговой системы...
2025-06-30 07:17:18,991 - main - INFO - 📋 Загружено монет: 30
2025-06-30 07:17:19,508 - coin_rotator - INFO - ⚙️ Инициализирован ротатор для ['DOGE', 'TRX', 'ADA', 'ARB', 'KAS', 'WLD', 'HBAR', 'OP', 'KAIA', 'FET', 'ZK', 'APE', 'ZIG', 'ALGO', 'XLM', 'STX', 'JASMY', 'SAND', 'POL', 'PYTH', 'GRT', 'BEAM', 'ARKM', 'CHZ', 'SOL', 'XRP', 'SUI', 'APT', 'NEAR', 'AVAX']
2025-06-30 07:17:23,839 - coin_rotator - INFO - ⚙️ Установлена текущая монета: SOL
2025-06-30 07:17:23,839 - main - INFO - ⏪ Возвращаемся к открытой позиции: SOL
2025-06-30 07:17:24,479 - coin_rotator - INFO - ⚙️ Установлена текущая монета: SOL
2025-06-30 07:17:24,479 - main - INFO - 🏁 Начальная монета: SOL
2025-06-30 07:17:24,918 - main - INFO - 🤖 Торговый бот запущен
2025-06-30 07:17:24,919 - main - INFO - 🔄 Вход в основной цикл управления
2025-06-30 07:17:28,849 - coin_rotator - INFO - ⏭️ Сохраняем SOL: новая монета не лучше (текущий: 0.00, новая: 0.00)
2025-06-30 07:20:19,872 - main - INFO - 🛑 Получен сигнал KeyboardInterrupt
2025-06-30 07:20:19,872 - main - INFO - ⏹️ Завершение работы системы...
2025-06-30 07:20:25,798 - main - INFO - ✅ Система остановлена корректно
2025-06-30 07:41:06,188 - main - INFO - 🚀 Запуск торговой системы...
2025-06-30 07:41:06,188 - main - INFO - 📋 Загружено монет: 30
2025-06-30 07:41:06,629 - coin_rotator - INFO - ⚙️ Инициализирован ротатор для ['DOGE', 'TRX', 'ADA', 'ARB', 'KAS', 'WLD', 'HBAR', 'OP', 'KAIA', 'FET', 'ZK', 'APE', 'ZIG', 'ALGO', 'XLM', 'STX', 'JASMY', 'SAND', 'POL', 'PYTH', 'GRT', 'BEAM', 'ARKM', 'CHZ', 'SOL', 'XRP', 'SUI', 'APT', 'NEAR', 'AVAX']
2025-06-30 07:41:11,222 - coin_rotator - INFO - ⚙️ Установлена текущая монета: SOL
2025-06-30 07:41:11,222 - main - INFO - ⏪ Возвращаемся к открытой позиции: SOL
2025-06-30 07:41:11,792 - coin_rotator - INFO - ⚙️ Установлена текущая монета: SOL
2025-06-30 07:41:11,792 - main - INFO - 🏁 Начальная монета: SOL
2025-06-30 07:41:12,301 - main - INFO - 🤖 Торговый бот запущен
2025-06-30 07:41:12,301 - main - INFO - 🔄 Вход в основной цикл управления
2025-06-30 07:41:28,878 - coin_rotator - INFO - ⏭️ Сохраняем SOL: новая монета не лучше (текущий: 0.00, новая: 0.00)
2025-06-30 07:43:23,008 - main - INFO - 🛑 Получен сигнал KeyboardInterrupt
2025-06-30 07:43:23,009 - main - INFO - ⏹️ Завершение работы системы...
2025-06-30 07:47:43,428 - main - INFO - 🚀 Запуск торговой системы...
2025-06-30 07:47:43,462 - main - INFO - 📋 Загружено монет: 30
2025-06-30 07:47:44,021 - coin_rotator - INFO - ⚙️ Инициализирован ротатор для ['DOGE', 'TRX', 'ADA', 'ARB', 'KAS', 'WLD', 'HBAR', 'OP', 'KAIA', 'FET', 'ZK', 'APE', 'ZIG', 'ALGO', 'XLM', 'STX', 'JASMY', 'SAND', 'POL', 'PYTH', 'GRT', 'BEAM', 'ARKM', 'CHZ', 'SOL', 'XRP', 'SUI', 'APT', 'NEAR', 'AVAX']
2025-06-30 07:47:48,640 - coin_rotator - INFO - ⚙️ Установлена текущая монета: SOL
2025-06-30 07:47:48,640 - main - INFO - ⏪ Возвращаемся к открытой позиции: SOL
2025-06-30 07:47:48,889 - coin_rotator - INFO - ⚙️ Установлена текущая монета: SOL
2025-06-30 07:47:48,889 - main - INFO - 🏁 Начальная монета: SOL
2025-06-30 07:47:49,264 - main - INFO - 🤖 Торговый бот запущен
2025-06-30 07:47:49,264 - main - INFO - 🔄 Вход в основной цикл управления
2025-06-30 07:47:53,030 - coin_rotator - INFO - ⏭️ Сохраняем SOL: новая монета не лучше (текущий: 0.00, новая: 0.00)
2025-06-30 07:55:59,934 - main - INFO - 🛑 Получен сигнал KeyboardInterrupt
2025-06-30 07:55:59,934 - main - INFO - ⏹️ Завершение работы системы...
2025-06-30 07:56:05,829 - main - INFO - ✅ Система остановлена корректно
2025-06-30 07:56:48,185 - main - INFO - 🚀 Запуск торговой системы...
2025-06-30 07:56:48,185 - main - INFO - 📋 Загружено монет: 30
2025-06-30 07:56:48,624 - coin_rotator - INFO - ⚙️ Инициализирован ротатор для ['DOGE', 'TRX', 'ADA', 'ARB', 'KAS', 'WLD', 'HBAR', 'OP', 'KAIA', 'FET', 'ZK', 'APE', 'ZIG', 'ALGO', 'XLM', 'STX', 'JASMY', 'SAND', 'POL', 'PYTH', 'GRT', 'BEAM', 'ARKM', 'CHZ', 'SOL', 'XRP', 'SUI', 'APT', 'NEAR', 'AVAX']
2025-06-30 07:56:52,747 - coin_rotator - INFO - ⚙️ Установлена текущая монета: SOL
2025-06-30 07:56:52,747 - main - INFO - ⏪ Возвращаемся к открытой позиции: SOL
2025-06-30 07:56:53,353 - coin_rotator - INFO - ⚙️ Установлена текущая монета: SOL
2025-06-30 07:56:53,353 - main - INFO - 🏁 Начальная монета: SOL
2025-06-30 07:56:53,787 - main - INFO - 🤖 Торговый бот запущен
2025-06-30 07:56:53,788 - main - INFO - 🔄 Вход в основной цикл управления
2025-06-30 07:56:57,369 - coin_rotator - INFO - ⏭️ Сохраняем SOL: новая монета не лучше (текущий: 0.00, новая: 0.00)
2025-06-30 08:18:50,078 - main - INFO - 🛑 Получен сигнал KeyboardInterrupt
2025-06-30 08:18:50,115 - main - INFO - ⏹️ Завершение работы системы...
2025-06-30 08:19:14,215 - main - INFO - 🚀 Запуск торговой системы...
2025-06-30 08:19:14,215 - main - INFO - 📋 Загружено монет: 30
2025-06-30 08:19:14,611 - coin_rotator - INFO - ⚙️ Инициализирован ротатор для ['DOGE', 'TRX', 'ADA', 'ARB', 'KAS', 'WLD', 'HBAR', 'OP', 'KAIA', 'FET', 'ZK', 'APE', 'ZIG', 'ALGO', 'XLM', 'STX', 'JASMY', 'SAND', 'POL', 'PYTH', 'GRT', 'BEAM', 'ARKM', 'CHZ', 'SOL', 'XRP', 'SUI', 'APT', 'NEAR', 'AVAX']
2025-06-30 08:19:18,759 - coin_rotator - INFO - ⚙️ Установлена текущая монета: SOL
2025-06-30 08:19:18,759 - main - INFO - ⏪ Возвращаемся к открытой позиции: SOL
2025-06-30 08:19:19,000 - coin_rotator - INFO - ⚙️ Установлена текущая монета: SOL
2025-06-30 08:19:19,000 - main - INFO - 🏁 Начальная монета: SOL
2025-06-30 08:19:19,429 - main - INFO - 🤖 Торговый бот запущен
2025-06-30 08:19:19,429 - main - INFO - 🔄 Вход в основной цикл управления
2025-06-30 08:19:23,507 - coin_rotator - INFO - 🏆 Текущая монета SOL остается лучшей
2025-06-30 09:19:53,978 - main - INFO - 🩺 Health check:
2025-06-30 09:19:53,978 - main - INFO - Bot status: running
2025-06-30 09:19:53,978 - main - INFO - System health: {'current_coin': 'SOL', 'position_open': False, 'position_hours': 0}
2025-06-30 10:20:28,993 - main - INFO - 🩺 Health check:
2025-06-30 10:20:28,993 - main - INFO - Bot status: running
2025-06-30 10:20:28,993 - main - INFO - System health: {'current_coin': 'SOL', 'position_open': False, 'position_hours': 0}
2025-06-30 11:21:12,290 - main - INFO - 🩺 Health check:
2025-06-30 11:21:12,290 - main - INFO - Bot status: running
2025-06-30 11:21:12,290 - main - INFO - System health: {'current_coin': 'SOL', 'position_open': False, 'position_hours': 0}
2025-06-30 12:21:49,943 - main - INFO - 🩺 Health check:
2025-06-30 12:21:49,943 - main - INFO - Bot status: running
2025-06-30 12:21:49,943 - main - INFO - System health: {'current_coin': 'SOL', 'position_open': False, 'position_hours': 0}
2025-06-30 13:22:24,458 - main - INFO - 🩺 Health check:
2025-06-30 13:22:24,458 - main - INFO - Bot status: running
2025-06-30 13:22:24,458 - main - INFO - System health: {'current_coin': 'SOL', 'position_open': False, 'position_hours': 0}
2025-06-30 14:22:59,447 - main - INFO - 🩺 Health check:
2025-06-30 14:22:59,525 - main - INFO - Bot status: running
2025-06-30 14:22:59,525 - main - INFO - System health: {'current_coin': 'SOL', 'position_open': False, 'position_hours': 0}
2025-06-30 15:15:46,513 - urllib3.connectionpool - WARNING - Retrying (Retry(total=2, connect=None, read=None, redirect=None, status=None)) after connection broken by 'ReadTimeoutError("HTTPSConnectionPool(host='api.bybit.com', port=443): Read timed out. (read timeout=45)")': /v5/market/kline?category=spot&symbol=SOLUSDT&interval=5&limit=100&simple=true
2025-06-30 15:23:32,910 - main - INFO - 🩺 Health check:
2025-06-30 15:23:32,910 - main - INFO - Bot status: running
2025-06-30 15:23:32,910 - main - INFO - System health: {'current_coin': 'SOL', 'position_open': False, 'position_hours': 0}
2025-06-30 15:30:49,938 - urllib3.connectionpool - WARNING - Retrying (Retry(total=2, connect=None, read=None, redirect=None, status=None)) after connection broken by 'ReadTimeoutError("HTTPSConnectionPool(host='api.bybit.com', port=443): Read timed out. (read timeout=45)")': /v5/market/kline?category=spot&symbol=SOLUSDT&interval=5&limit=100&simple=true
2025-06-30 16:24:14,429 - main - INFO - 🩺 Health check:
2025-06-30 16:24:14,505 - main - INFO - Bot status: running
2025-06-30 16:24:14,505 - main - INFO - System health: {'current_coin': 'SOL', 'position_open': False, 'position_hours': 0}
2025-06-30 17:24:48,060 - main - INFO - 🩺 Health check:
2025-06-30 17:24:48,550 - main - INFO - Bot status: running
2025-06-30 17:24:48,550 - main - INFO - System health: {'current_coin': 'SOL', 'position_open': False, 'position_hours': 0}
2025-06-30 18:25:22,660 - main - INFO - 🩺 Health check:
2025-06-30 18:25:22,864 - main - INFO - Bot status: running
2025-06-30 18:25:22,864 - main - INFO - System health: {'current_coin': 'SOL', 'position_open': False, 'position_hours': 0}
2025-06-30 19:22:14,054 - main - INFO - 🛑 Получен сигнал KeyboardInterrupt
2025-06-30 19:22:14,092 - main - INFO - ⏹️ Завершение работы системы...
2025-06-30 19:22:20,076 - main - INFO - ✅ Система остановлена корректно
2025-06-30 19:23:27,446 - main - INFO - 🚀 Запуск торговой системы...
2025-06-30 19:23:27,446 - main - INFO - 📋 Загружено монет: 30
2025-06-30 19:23:27,814 - coin_rotator - INFO - ⚙️ Инициализирован ротатор для ['DOGE', 'TRX', 'ADA', 'ARB', 'KAS', 'WLD', 'HBAR', 'OP', 'KAIA', 'FET', 'ZK', 'APE', 'ZIG', 'ALGO', 'XLM', 'STX', 'JASMY', 'SAND', 'POL', 'PYTH', 'GRT', 'BEAM', 'ARKM', 'CHZ', 'SOL', 'XRP', 'SUI', 'APT', 'NEAR', 'AVAX']
2025-06-30 19:23:32,345 - coin_rotator - INFO - ⚙️ Установлена текущая монета: SOL
2025-06-30 19:23:32,345 - main - INFO - ⏪ Возвращаемся к открытой позиции: SOL
2025-06-30 19:23:32,950 - coin_rotator - INFO - ⚙️ Установлена текущая монета: SOL
2025-06-30 19:23:32,950 - main - INFO - 🏁 Начальная монета: SOL
2025-06-30 19:23:33,298 - main - INFO - 🤖 Торговый бот запущен
2025-06-30 19:23:33,298 - main - INFO - 🔄 Вход в основной цикл управления
2025-06-30 19:23:35,333 - coin_rotator - INFO - ⚠️ Обнаружен остаток SOL (0.0002966), но он меньше минимального лота (0.006)
2025-06-30 19:23:39,142 - coin_rotator - INFO - ⏭️ Сохраняем SOL: новая монета не лучше (текущий: 0.00, новая: 0.00)
2025-06-30 19:24:14,584 - main - INFO - 🛑 Получен сигнал KeyboardInterrupt
2025-06-30 19:24:14,584 - main - INFO - ⏹️ Завершение работы системы...
2025-06-30 19:24:20,369 - main - INFO - ✅ Система остановлена корректно
2025-06-30 19:40:08,986 - main - INFO - 🚀 Запуск торговой системы...
2025-06-30 19:40:09,217 - main - INFO - 📋 Загружено монет: 30
2025-06-30 19:40:09,719 - coin_rotator - INFO - ⚙️ Инициализирован ротатор для ['DOGE', 'TRX', 'ADA', 'ARB', 'KAS', 'WLD', 'HBAR', 'OP', 'KAIA', 'FET', 'ZK', 'APE', 'ZIG', 'ALGO', 'XLM', 'STX', 'JASMY', 'SAND', 'POL', 'PYTH', 'GRT', 'BEAM', 'ARKM', 'CHZ', 'SOL', 'XRP', 'SUI', 'APT', 'NEAR', 'AVAX']
2025-06-30 19:40:09,719 - coin_rotator - INFO -   • Макс. время бездействия: 24 часов
2025-06-30 19:40:15,020 - coin_rotator - INFO - ⚙️ Установлена текущая монета: SOL
2025-06-30 19:40:15,020 - main - INFO - ⏪ Возвращаемся к открытой позиции: SOL
2025-06-30 19:40:15,585 - coin_rotator - INFO - ⚙️ Установлена текущая монета: SOL
2025-06-30 19:40:15,585 - main - INFO - 🏁 Начальная монета: SOL
2025-06-30 19:40:15,999 - main - INFO - 🤖 Торговый бот запущен
2025-06-30 19:40:15,999 - main - INFO - 🔄 Вход в основной цикл управления
2025-06-30 19:40:23,261 - coin_rotator - INFO - ⏭️ Сохраняем SOL: новая монета не лучше (текущий: 0.00, новая: 0.00)
2025-06-30 19:53:20,669 - main - INFO - 🛑 Получен сигнал KeyboardInterrupt
2025-06-30 19:53:20,669 - main - INFO - ⏹️ Завершение работы системы...
2025-06-30 19:53:26,503 - main - INFO - ✅ Система остановлена корректно
2025-06-30 19:53:58,403 - main - INFO - 🚀 Запуск торговой системы...
2025-06-30 19:53:58,437 - main - INFO - 📋 Загружено монет: 30
2025-06-30 19:53:59,035 - coin_rotator - INFO - ⚙️ Инициализирован ротатор для ['DOGE', 'TRX', 'ADA', 'ARB', 'KAS', 'WLD', 'HBAR', 'OP', 'KAIA', 'FET', 'ZK', 'APE', 'ZIG', 'ALGO', 'XLM', 'STX', 'JASMY', 'SAND', 'POL', 'PYTH', 'GRT', 'BEAM', 'ARKM', 'CHZ', 'SOL', 'XRP', 'SUI', 'APT', 'NEAR', 'AVAX']
2025-06-30 19:53:59,035 - coin_rotator - INFO -   • Макс. время бездействия: 24 часов
2025-06-30 19:54:03,500 - coin_rotator - INFO - ⚙️ Установлена текущая монета: SOL
2025-06-30 19:54:03,500 - main - INFO - ⏪ Возвращаемся к открытой позиции: SOL
2025-06-30 19:54:03,722 - coin_rotator - INFO - ⚙️ Установлена текущая монета: SOL
2025-06-30 19:54:03,722 - main - INFO - 🏁 Начальная монета: SOL
2025-06-30 19:54:04,205 - main - INFO - 🤖 Торговый бот запущен
2025-06-30 19:54:04,205 - main - INFO - 🔄 Вход в основной цикл управления
2025-06-30 19:54:06,850 - coin_rotator - INFO - ⚠️ Обнаружен остаток SOL (0.0002966), но он меньше минимального лота (0.006)
2025-06-30 19:54:11,085 - coin_rotator - INFO - 🔄 Ротация на ARB (лучшая или равная производительность)
2025-06-30 19:54:11,085 - main - INFO - 🔄 Переключаем монету с SOL на ARB
2025-06-30 19:55:17,208 - coin_rotator - INFO - ⚠️ Обнаружен остаток ARB (0.004794), но он меньше минимального лота (2.9)
2025-06-30 19:56:21,339 - coin_rotator - INFO - ⚠️ Обнаружен остаток ARB (0.004794), но он меньше минимального лота (2.9)
2025-06-30 19:57:24,535 - coin_rotator - INFO - ⚠️ Обнаружен остаток ARB (0.004794), но он меньше минимального лота (2.9)
2025-06-30 19:57:29,880 - main - INFO - 🛑 Получен сигнал KeyboardInterrupt
2025-06-30 19:57:29,880 - main - INFO - ⏹️ Завершение работы системы...
2025-06-30 19:57:36,170 - main - INFO - ✅ Система остановлена корректно
2025-06-30 20:10:43,212 - main - INFO - 🚀 Запуск торговой системы...
2025-06-30 20:10:43,212 - main - INFO - 📋 Загружено монет: 30
2025-06-30 20:10:43,732 - coin_rotator - INFO - ⚙️ Инициализирован ротатор для ['DOGE', 'TRX', 'ADA', 'ARB', 'KAS', 'WLD', 'HBAR', 'OP', 'KAIA', 'FET', 'ZK', 'APE', 'ZIG', 'ALGO', 'XLM', 'STX', 'JASMY', 'SAND', 'POL', 'PYTH', 'GRT', 'BEAM', 'ARKM', 'CHZ', 'SOL', 'XRP', 'SUI', 'APT', 'NEAR', 'AVAX']
2025-06-30 20:10:43,732 - coin_rotator - INFO -   • Макс. время бездействия: 24 часов
2025-06-30 20:10:49,728 - coin_rotator - INFO - ⚙️ Установлена текущая монета: ARB
2025-06-30 20:10:49,728 - main - INFO - ⏪ Возвращаемся к открытой позиции: ARB
2025-06-30 20:10:50,356 - coin_rotator - INFO - ⚙️ Установлена текущая монета: ARB
2025-06-30 20:10:50,356 - main - INFO - 🏁 Начальная монета: ARB
2025-06-30 20:10:50,827 - main - INFO - 🤖 Торговый бот запущен
2025-06-30 20:10:50,827 - main - INFO - 🔄 Вход в основной цикл управления
2025-06-30 20:10:54,409 - coin_rotator - INFO - ⚠️ Обнаружен остаток ARB (0.004794), но он меньше минимального лота (2.9)
2025-06-30 20:10:58,725 - coin_rotator - INFO - ⏭️ Сохраняем ARB: новая монета не лучше (текущий: 0.00, новая: 0.00)
2025-06-30 20:12:02,438 - coin_rotator - INFO - ⚠️ Обнаружен остаток ARB (0.004794), но он меньше минимального лота (2.9)
2025-06-30 20:13:23,997 - pybit._http_manager - ERROR - invalid request, please check your server timestamp or recv_window param. req_timestamp[1751303582820],server_timestamp[1751303603812],recv_window[15000] (ErrCode: 10002). Added 2.5 seconds to recv_window. 2 retries remain.
2025-06-30 20:13:30,123 - main - INFO - 🛑 Получен сигнал KeyboardInterrupt
2025-06-30 20:13:30,123 - main - INFO - ⏹️ Завершение работы системы...
2025-06-30 20:13:37,224 - main - INFO - ✅ Система остановлена корректно
2025-07-01 03:15:40,419 - main - INFO - 🚀 Запуск торговой системы...
2025-07-01 03:15:40,492 - main - INFO - 📋 Загружено монет: 30
2025-07-01 03:15:40,815 - coin_rotator - INFO - ⚙️ Инициализирован ротатор для ['DOGE', 'TRX', 'ADA', 'ARB', 'KAS', 'WLD', 'HBAR', 'OP', 'KAIA', 'FET', 'ZK', 'APE', 'ZIG', 'ALGO', 'XLM', 'STX', 'JASMY', 'SAND', 'POL', 'PYTH', 'GRT', 'BEAM', 'ARKM', 'CHZ', 'SOL', 'XRP', 'SUI', 'APT', 'NEAR', 'AVAX']
2025-07-01 03:15:43,965 - main - INFO - ⏪ Возвращаемся к открытой позиции: ARB
2025-07-01 03:15:43,965 - main - INFO - 🏁 Начальная монета: ARB
2025-07-01 03:15:44,362 - main - INFO - 🤖 Торговый бот запущен
2025-07-01 03:15:44,362 - main - INFO - 🔄 Вход в основной цикл управления
2025-07-01 03:15:48,253 - coin_rotator - INFO - ⏭️ Сохраняем ARB: новая монета не лучше (текущий: 0.00, новая: 0.00)
2025-07-01 03:30:15,492 - main - INFO - 🛑 Получен сигнал KeyboardInterrupt
2025-07-01 03:30:15,536 - main - INFO - ⏹️ Завершение работы системы...
2025-07-01 03:30:21,280 - main - INFO - ✅ Система остановлена корректно
2025-07-01 04:03:22,995 - main - INFO - 🚀 Запуск торговой системы...
2025-07-01 04:03:23,108 - main - INFO - 📋 Загружено монет: 30
2025-07-01 04:03:23,503 - coin_rotator - INFO - ⚙️ Инициализирован ротатор для ['DOGE', 'TRX', 'ADA', 'ARB', 'KAS', 'WLD', 'HBAR', 'OP', 'KAIA', 'FET', 'ZK', 'APE', 'ZIG', 'ALGO', 'XLM', 'STX', 'JASMY', 'SAND', 'POL', 'PYTH', 'GRT', 'BEAM', 'ARKM', 'CHZ', 'SOL', 'XRP', 'SUI', 'APT', 'NEAR', 'AVAX']
2025-07-01 04:16:45,196 - main - INFO - 🚀 Запуск торговой системы...
2025-07-01 04:16:45,274 - main - INFO - 📋 Загружено монет: 30
2025-07-01 04:16:45,785 - coin_rotator - INFO - ⚙️ Инициализирован ротатор для ['DOGE', 'TRX', 'ADA', 'ARB', 'KAS', 'WLD', 'HBAR', 'OP', 'KAIA', 'FET', 'ZK', 'APE', 'ZIG', 'ALGO', 'XLM', 'STX', 'JASMY', 'SAND', 'POL', 'PYTH', 'GRT', 'BEAM', 'ARKM', 'CHZ', 'SOL', 'XRP', 'SUI', 'APT', 'NEAR', 'AVAX']
2025-07-01 04:16:50,282 - coin_rotator - INFO - ⚙️ Установлена текущая монета: ARB
2025-07-01 04:16:50,282 - main - INFO - ⏪ Возвращаемся к открытой позиции: ARB
2025-07-01 04:16:50,282 - main - INFO - 🏁 Начальная монета: ARB
2025-07-01 04:16:50,610 - main - INFO - 🤖 Торговый бот запущен
2025-07-01 04:16:50,610 - main - INFO - 🔄 Вход в основной цикл управления
2025-07-01 04:16:55,972 - coin_rotator - INFO - ⏭️ Сохраняем ARB: новая монета не лучше (текущий: 0.00, новая: 0.00)
2025-07-01 04:18:26,227 - main - INFO - 🛑 Получен сигнал KeyboardInterrupt
2025-07-01 04:18:26,261 - main - INFO - ⏹️ Завершение работы системы...
2025-07-01 04:18:32,077 - main - INFO - ✅ Система остановлена корректно
2025-07-01 04:40:29,016 - main - INFO - 🚀 Запуск торговой системы...
2025-07-01 04:40:29,105 - main - INFO - 📋 Загружено монет: 30
2025-07-01 04:40:29,126 - coin_ranker - INFO - 🛠️ Корректируем selections для ARB: 3 -> 2
2025-07-01 04:40:29,459 - coin_ranker - INFO - 🛠️ Корректируем selections для ARB: 3 -> 2
2025-07-01 04:40:29,464 - coin_rotator - INFO - ⚙️ Инициализирован ротатор для ['DOGE', 'TRX', 'ADA', 'ARB', 'KAS', 'WLD', 'HBAR', 'OP', 'KAIA', 'FET', 'ZK', 'APE', 'ZIG', 'ALGO', 'XLM', 'STX', 'JASMY', 'SAND', 'POL', 'PYTH', 'GRT', 'BEAM', 'ARKM', 'CHZ', 'SOL', 'XRP', 'SUI', 'APT', 'NEAR', 'AVAX']
2025-07-01 04:40:37,546 - coin_rotator - INFO - ⚙️ Установлена текущая монета: ARB
2025-07-01 04:40:37,547 - main - INFO - ⏪ Возвращаемся к открытой позиции: ARB
2025-07-01 04:40:37,547 - main - INFO - 🏁 Начальная монета: ARB
2025-07-01 04:40:37,928 - main - INFO - 🤖 Торговый бот запущен
2025-07-01 04:40:37,929 - main - INFO - 🔄 Вход в основной цикл управления
2025-07-01 04:40:42,440 - coin_rotator - INFO - 🔄 Ротация с ARB на SOL (лучшая производительность)
